<?xml version="1.0" encoding="UTF-8"?>
<testng-results skipped="0" failed="0" ignored="0" total="1" passed="1">
  <reporter-output>
  </reporter-output>
  <suite name="Default suite" duration-ms="45" started-at="2018-04-24T10:34:59Z" finished-at="2018-04-24T10:34:59Z">
    <groups>
    </groups>
    <test name="Default test" duration-ms="45" started-at="2018-04-24T10:34:59Z" finished-at="2018-04-24T10:34:59Z">
      <class name="sample.DemoTest">
        <test-method status="PASS" signature="createUser()[pri:0, instance:sample.DemoTest@224edc67]" name="createUser" duration-ms="12" started-at="2018-04-24T10:34:59Z" finished-at="2018-04-24T10:34:59Z">
          <reporter-output>
          </reporter-output>
        </test-method> <!-- createUser -->
      </class> <!-- sample.DemoTest -->
    </test> <!-- Default test -->
  </suite> <!-- Default suite -->
</testng-results>
